c:\users\yhnoh07\desktop\pearlabyss\x64\release\imguilib.pdb
c:\users\yhnoh07\desktop\pearlabyss\imguilib\x64\release\imsequencer.obj
c:\users\yhnoh07\desktop\pearlabyss\imguilib\x64\release\imgui_widgets.obj
c:\users\yhnoh07\desktop\pearlabyss\imguilib\x64\release\imgui_tables.obj
c:\users\yhnoh07\desktop\pearlabyss\imguilib\x64\release\imgui_impl_win32.obj
c:\users\yhnoh07\desktop\pearlabyss\imguilib\x64\release\imgui_impl_dx11.obj
c:\users\yhnoh07\desktop\pearlabyss\imguilib\x64\release\imgui_draw.obj
c:\users\yhnoh07\desktop\pearlabyss\imguilib\x64\release\imgui_demo.obj
c:\users\yhnoh07\desktop\pearlabyss\imguilib\x64\release\imguizmo.obj
c:\users\yhnoh07\desktop\pearlabyss\imguilib\x64\release\imguifiledialog.obj
c:\users\yhnoh07\desktop\pearlabyss\imguilib\x64\release\imgradient.obj
c:\users\yhnoh07\desktop\pearlabyss\imguilib\x64\release\imcurveedit.obj
c:\users\yhnoh07\desktop\pearlabyss\imguilib\x64\release\grapheditor.obj
c:\users\yhnoh07\desktop\pearlabyss\x64\release\imguilib.lib
c:\users\yhnoh07\desktop\pearlabyss\imguilib\x64\release\imguilib.tlog\cl.command.1.tlog
c:\users\yhnoh07\desktop\pearlabyss\imguilib\x64\release\imguilib.tlog\cl.read.1.tlog
c:\users\yhnoh07\desktop\pearlabyss\imguilib\x64\release\imguilib.tlog\cl.write.1.tlog
c:\users\yhnoh07\desktop\pearlabyss\imguilib\x64\release\imguilib.tlog\lib-link.write.1.tlog
c:\users\yhnoh07\desktop\pearlabyss\imguilib\x64\release\imguilib.tlog\lib.command.1.tlog
c:\users\yhnoh07\desktop\pearlabyss\imguilib\x64\release\imguilib.tlog\lib.read.1.tlog
