c:\users\yhnoh07\desktop\pearlabyss\x64\debug\imguilib.pdb
c:\users\yhnoh07\desktop\pearlabyss\x64\debug\imguilib.idb
c:\users\yhnoh07\desktop\pearlabyss\imguilib\x64\debug\imsequencer.obj
c:\users\yhnoh07\desktop\pearlabyss\imguilib\x64\debug\imgui_widgets.obj
c:\users\yhnoh07\desktop\pearlabyss\imguilib\x64\debug\imgui_tables.obj
c:\users\yhnoh07\desktop\pearlabyss\imguilib\x64\debug\imgui_impl_win32.obj
c:\users\yhnoh07\desktop\pearlabyss\imguilib\x64\debug\imgui_impl_dx11.obj
c:\users\yhnoh07\desktop\pearlabyss\imguilib\x64\debug\imgui_draw.obj
c:\users\yhnoh07\desktop\pearlabyss\imguilib\x64\debug\imgui_demo.obj
c:\users\yhnoh07\desktop\pearlabyss\imguilib\x64\debug\imguizmo.obj
c:\users\yhnoh07\desktop\pearlabyss\imguilib\x64\debug\imguifiledialog.obj
c:\users\yhnoh07\desktop\pearlabyss\imguilib\x64\debug\imgradient.obj
c:\users\yhnoh07\desktop\pearlabyss\imguilib\x64\debug\imcurveedit.obj
c:\users\yhnoh07\desktop\pearlabyss\imguilib\x64\debug\grapheditor.obj
c:\users\yhnoh07\desktop\pearlabyss\imguilib\x64\debug\imgui.obj
c:\users\yhnoh07\desktop\pearlabyss\x64\debug\imguilib.lib
c:\users\yhnoh07\desktop\pearlabyss\imguilib\x64\debug\imguilib.tlog\cl.command.1.tlog
c:\users\yhnoh07\desktop\pearlabyss\imguilib\x64\debug\imguilib.tlog\cl.read.1.tlog
c:\users\yhnoh07\desktop\pearlabyss\imguilib\x64\debug\imguilib.tlog\cl.write.1.tlog
c:\users\yhnoh07\desktop\pearlabyss\imguilib\x64\debug\imguilib.tlog\lib-link.write.1.tlog
c:\users\yhnoh07\desktop\pearlabyss\imguilib\x64\debug\imguilib.tlog\lib.command.1.tlog
c:\users\yhnoh07\desktop\pearlabyss\imguilib\x64\debug\imguilib.tlog\lib.read.1.tlog
